#
# There is insufficient memory for the Java Runtime Environment to continue.
# Native memory allocation (mmap) failed to map 67108864 bytes for G1 virtual space
# Possible reasons:
#   The system is out of physical RAM or swap space
#   The process is running with CompressedOops enabled, and the Java Heap may be blocking the growth of the native heap
# Possible solutions:
#   Reduce memory load on the system
#   Increase physical memory or swap space
#   Check if swap backing store is full
#   Decrease Java heap size (-Xmx/-Xms)
#   Decrease number of Java threads
#   Decrease Java thread stack sizes (-Xss)
#   Set larger code cache with -XX:ReservedCodeCacheSize=
#   JVM is running with Unscaled Compressed Oops mode in which the Java heap is
#     placed in the first 4GB address space. The Java Heap base address is the
#     maximum limit for the native heap growth. Please use -XX:HeapBaseMinAddress
#     to set the Java Heap base and to place the Java Heap above 4GB virtual address.
# This output file may be truncated or incomplete.
#
#  Out of Memory Error (os_windows.cpp:3550), pid=20452, tid=19784
#
# JRE version:  (17.0.7+8) (build )
# Java VM: Java HotSpot(TM) 64-Bit Server VM (17.0.7+8-LTS-224, mixed mode, sharing, tiered, compressed oops, compressed class ptrs, g1 gc, windows-amd64)
# No core dump will be written. Minidumps are not enabled by default on client versions of Windows
#

---------------  S U M M A R Y ------------

Command Line: -Dfile.encoding=UTF-8 -agentlib:jdwp=transport=dt_shmem,address=javadebug --module-path=C:\Users\AMIT KANSAL\bank management systems\build\classes bank.management.systems.Login

Host: Intel(R) Core(TM) i3-6098P CPU @ 3.60GHz, 4 cores, 3G,  Windows 10 , 64 bit Build 19041 (10.0.19041.3570)
Time: Thu Jan 11 01:38:40 2024 India Standard Time elapsed time: 0.099340 seconds (0d 0h 0m 0s)

---------------  T H R E A D  ---------------

Current thread (0x000001ffdc79c180):  JavaThread "Unknown thread" [_thread_in_vm, id=19784, stack(0x0000007c41c00000,0x0000007c41d00000)]

Stack: [0x0000007c41c00000,0x0000007c41d00000]
Native frames: (J=compiled Java code, j=interpreted, Vv=VM code, C=native code)
V  [jvm.dll+0x676a4a]
V  [jvm.dll+0x7d74f4]
V  [jvm.dll+0x7d8c9e]
V  [jvm.dll+0x7d9303]
V  [jvm.dll+0x2452c5]
V  [jvm.dll+0x6738f9]
V  [jvm.dll+0x668232]
V  [jvm.dll+0x302826]
V  [jvm.dll+0x309da6]
V  [jvm.dll+0x35952e]
V  [jvm.dll+0x35975f]
V  [jvm.dll+0x2d9a38]
V  [jvm.dll+0x2da9a4]
V  [jvm.dll+0x7a8fb1]
V  [jvm.dll+0x3670e1]
V  [jvm.dll+0x788359]
V  [jvm.dll+0x3ea5ef]
V  [jvm.dll+0x3ec071]
C  [jli.dll+0x5297]
C  [ucrtbase.dll+0x21bb2]
C  [KERNEL32.DLL+0x17344]
C  [ntdll.dll+0x526b1]


---------------  P R O C E S S  ---------------

Threads class SMR info:
_java_thread_list=0x00007ffdad2c4998, length=0, elements={
}

Java Threads: ( => current thread )

Other Threads:
  0x000001ffdc7d95e0 GCTaskThread "GC Thread#0" [stack: 0x0000007c41d00000,0x0000007c41e00000] [id=10968]
  0x000001ffdc7e2420 ConcurrentGCThread "G1 Main Marker" [stack: 0x0000007c41e00000,0x0000007c41f00000] [id=19712]
  0x000001ffdc7e35d0 ConcurrentGCThread "G1 Conc#0" [stack: 0x0000007c41f00000,0x0000007c42000000] [id=18424]

[error occurred during error reporting (printing all threads), id 0xc0000005, EXCEPTION_ACCESS_VIOLATION (0xc0000005) at pc=0x00007ffdacafa697]

VM state: not at safepoint (not fully initialized)

VM Mutex/Monitor currently owned by a thread:  ([mutex/lock_event])
[0x000001ffdc7987b0] Heap_lock - owner thread: 0x000001ffdc79c180

Heap address: 0x00000000c0800000, size: 1016 MB, Compressed Oops mode: 32-bit

CDS archive(s) mapped at: [0x0000000000000000-0x0000000000000000-0x0000000000000000), size 0, SharedBaseAddress: 0x0000000800000000, ArchiveRelocationMode: 0.
Narrow klass base: 0x0000000000000000, Narrow klass shift: 0, Narrow klass range: 0x0

GC Precious Log:
<Empty>

Heap:
 garbage-first heap   total 0K, used 0K [0x00000000c0800000, 0x0000000100000000)
  region size 1024K, 0 young (0K), 0 survivors (0K)

[error occurred during error reporting (printing heap information), id 0xc0000005, EXCEPTION_ACCESS_VIOLATION (0xc0000005) at pc=0x00007ffdacee00b9]

GC Heap History (0 events):
No events

Deoptimization events (0 events):
No events

Classes unloaded (0 events):
No events

Classes redefined (0 events):
No events

Internal exceptions (0 events):
No events

VM Operations (0 events):
No events

Events (1 events):
Event: 0.081 Loaded shared library C:\Program Files\Java\jdk-17\bin\java.dll


Dynamic libraries:
0x00007ff619c00000 - 0x00007ff619c10000 	C:\Program Files\Java\jdk-17\bin\java.exe
0x00007ffddfc70000 - 0x00007ffddfe67000 	C:\WINDOWS\SYSTEM32\ntdll.dll
0x00007ffddf300000 - 0x00007ffddf3bd000 	C:\WINDOWS\System32\KERNEL32.DLL
0x00007ffddd820000 - 0x00007ffdddb16000 	C:\WINDOWS\System32\KERNELBASE.dll
0x00007ffddd720000 - 0x00007ffddd820000 	C:\WINDOWS\System32\ucrtbase.dll
0x00007ffdd6ae0000 - 0x00007ffdd6afb000 	C:\Program Files\Java\jdk-17\bin\VCRUNTIME140.dll
0x00007ffdd6bf0000 - 0x00007ffdd6c09000 	C:\Program Files\Java\jdk-17\bin\jli.dll
0x00007ffdddf80000 - 0x00007ffdde02e000 	C:\WINDOWS\System32\ADVAPI32.dll
0x00007ffddef60000 - 0x00007ffddeffe000 	C:\WINDOWS\System32\msvcrt.dll
0x00007ffddf260000 - 0x00007ffddf2fc000 	C:\WINDOWS\System32\sechost.dll
0x00007ffdddd50000 - 0x00007ffddde76000 	C:\WINDOWS\System32\RPCRT4.dll
0x00007ffddf450000 - 0x00007ffddf5ee000 	C:\WINDOWS\System32\USER32.dll
0x00007ffddd6f0000 - 0x00007ffddd712000 	C:\WINDOWS\System32\win32u.dll
0x00007ffddf420000 - 0x00007ffddf44c000 	C:\WINDOWS\System32\GDI32.dll
0x00007ffddd450000 - 0x00007ffddd56a000 	C:\WINDOWS\System32\gdi32full.dll
0x00007ffddd650000 - 0x00007ffddd6ed000 	C:\WINDOWS\System32\msvcp_win.dll
0x00007ffdc5680000 - 0x00007ffdc591a000 	C:\WINDOWS\WinSxS\amd64_microsoft.windows.common-controls_6595b64144ccf1df_6.0.19041.3570_none_60bb2a3971f3e41a\COMCTL32.dll
0x00007ffdd6dd0000 - 0x00007ffdd6dda000 	C:\WINDOWS\SYSTEM32\VERSION.dll
0x00007ffdde7d0000 - 0x00007ffdde800000 	C:\WINDOWS\System32\IMM32.DLL
0x00007ffdda960000 - 0x00007ffdda96c000 	C:\Program Files\Java\jdk-17\bin\vcruntime140_1.dll
0x00007ffdc8c00000 - 0x00007ffdc8c8e000 	C:\Program Files\Java\jdk-17\bin\msvcp140.dll
0x00007ffdac810000 - 0x00007ffdad3ed000 	C:\Program Files\Java\jdk-17\bin\server\jvm.dll
0x00007ffddef50000 - 0x00007ffddef58000 	C:\WINDOWS\System32\PSAPI.DLL
0x00007ffdda9f0000 - 0x00007ffdda9f9000 	C:\WINDOWS\SYSTEM32\WSOCK32.dll
0x00007ffdde4a0000 - 0x00007ffdde50b000 	C:\WINDOWS\System32\WS2_32.dll
0x00007ffdcae00000 - 0x00007ffdcae27000 	C:\WINDOWS\SYSTEM32\WINMM.dll
0x00007ffddb130000 - 0x00007ffddb142000 	C:\WINDOWS\SYSTEM32\kernel.appcore.dll
0x00007ffdd8a40000 - 0x00007ffdd8a4a000 	C:\Program Files\Java\jdk-17\bin\jimage.dll
0x00007ffdd4b20000 - 0x00007ffdd4d04000 	C:\WINDOWS\SYSTEM32\DBGHELP.DLL
0x00007ffdd3e80000 - 0x00007ffdd3eb4000 	C:\WINDOWS\SYSTEM32\dbgcore.DLL
0x00007ffddd3c0000 - 0x00007ffddd442000 	C:\WINDOWS\System32\bcryptPrimitives.dll
0x00007ffdcded0000 - 0x00007ffdcdf0b000 	C:\Program Files\Java\jdk-17\bin\jdwp.dll
0x00007ffdd5ef0000 - 0x00007ffdd5f15000 	C:\Program Files\Java\jdk-17\bin\java.dll

dbghelp: loaded successfully - version: 4.0.5 - missing functions: none
symbol engine: initialized successfully - sym options: 0x614 - pdb path: .;C:\Program Files\Java\jdk-17\bin;C:\WINDOWS\SYSTEM32;C:\WINDOWS\WinSxS\amd64_microsoft.windows.common-controls_6595b64144ccf1df_6.0.19041.3570_none_60bb2a3971f3e41a;C:\Program Files\Java\jdk-17\bin\server

VM Arguments:
jvm_args: -Dfile.encoding=UTF-8 -agentlib:jdwp=transport=dt_shmem,address=javadebug --module-path=C:\Users\AMIT KANSAL\bank management systems\build\classes 
java_command: bank.management.systems.Login
java_class_path (initial): C:\Users\AMIT KANSAL\Downloads\jcalendar-tz-1.3.3-4.jar;C:\Users\AMIT KANSAL\bank management systems\build\classes
Launcher Type: SUN_STANDARD

[Global flags]
     intx CICompilerCount                          = 3                                         {product} {ergonomic}
     uint ConcGCThreads                            = 1                                         {product} {ergonomic}
     uint G1ConcRefinementThreads                  = 4                                         {product} {ergonomic}
   size_t G1HeapRegionSize                         = 1048576                                   {product} {ergonomic}
    uintx GCDrainStackTargetSize                   = 64                                        {product} {ergonomic}
   size_t InitialHeapSize                          = 67108864                                  {product} {ergonomic}
   size_t MarkStackSize                            = 4194304                                   {product} {ergonomic}
   size_t MaxHeapSize                              = 1065353216                                {product} {ergonomic}
   size_t MinHeapDeltaBytes                        = 1048576                                   {product} {ergonomic}
   size_t MinHeapSize                              = 8388608                                   {product} {ergonomic}
    uintx NonNMethodCodeHeapSize                   = 5832780                                {pd product} {ergonomic}
    uintx NonProfiledCodeHeapSize                  = 122912730                              {pd product} {ergonomic}
    uintx ProfiledCodeHeapSize                     = 122912730                              {pd product} {ergonomic}
    uintx ReservedCodeCacheSize                    = 251658240                              {pd product} {ergonomic}
     bool SegmentedCodeCache                       = true                                      {product} {ergonomic}
   size_t SoftMaxHeapSize                          = 1065353216                             {manageable} {ergonomic}
     bool UseCompressedClassPointers               = true                           {product lp64_product} {ergonomic}
     bool UseCompressedOops                        = true                           {product lp64_product} {ergonomic}
     bool UseG1GC                                  = true                                      {product} {ergonomic}
     bool UseLargePagesIndividualAllocation        = false                                  {pd product} {ergonomic}

Logging:
Log output configuration:
 #0: stdout all=warning uptime,level,tags
 #1: stderr all=off uptime,level,tags

Environment Variables:
PATH=C:\Program Files\Common Files\Oracle\Java\javapath;C:\WINDOWS\system32;C:\WINDOWS;C:\WINDOWS\System32\Wbem;C:\WINDOWS\System32\WindowsPowerShell\v1.0\;C:\Program Files (x86)\NVIDIA Corporation\PhysX\Common;C:\WINDOWS\system32;C:\WINDOWS;C:\WINDOWS\System32\Wbem;C:\WINDOWS\System32\WindowsPowerShell\v1.0\;C:\WINDOWS\System32\OpenSSH\;C:\msys64\mingw64\bin;C:\MinGW\bin;C:\Program Files\Git\cmd;C:\Program Files\Git\mingw64\bin;C:\Program Files\Git\usr\bin;C:\Program Files\Java\jdk-17\bin;C:\Program Files\MySQL\MySQL Shell 8.0\bin\;C:\Users\AMIT KANSAL\AppData\Local\Microsoft\WindowsApps;C:\Users\AMIT KANSAL\AppData\Local\Programs\Microsoft VS Code\bin
USERNAME=AMIT KANSAL
OS=Windows_NT
PROCESSOR_IDENTIFIER=Intel64 Family 6 Model 94 Stepping 3, GenuineIntel



---------------  S Y S T E M  ---------------

OS:
 Windows 10 , 64 bit Build 19041 (10.0.19041.3570)
OS uptime: 0 days 7:30 hours

CPU: total 4 (initial active 4) (2 cores per cpu, 2 threads per core) family 6 model 94 stepping 3 microcode 0xcc, cx8, cmov, fxsr, ht, mmx, 3dnowpref, sse, sse2, sse3, ssse3, sse4.1, sse4.2, popcnt, lzcnt, tsc, tscinvbit, avx, avx2, aes, erms, clmul, bmi1, bmi2, adx, fma, vzeroupper, clflush, clflushopt

Memory: 4k page, system-wide physical 4059M (334M free)
TotalPageFile size 16347M (AvailPageFile size 20M)
current process WorkingSet (physical memory assigned to process): 10M, peak: 10M
current process commit charge ("private bytes"): 51M, peak: 115M

vm_info: Java HotSpot(TM) 64-Bit Server VM (17.0.7+8-LTS-224) for windows-amd64 JRE (17.0.7+8-LTS-224), built on Feb 28 2023 23:03:02 by "mach5one" with MS VC++ 17.1 (VS2022)

END.
