#
# There is insufficient memory for the Java Runtime Environment to continue.
# Native memory allocation (mmap) failed to map 65536 bytes for Failed to commit metaspace.
# Possible reasons:
#   The system is out of physical RAM or swap space
#   The process is running with CompressedOops enabled, and the Java Heap may be blocking the growth of the native heap
# Possible solutions:
#   Reduce memory load on the system
#   Increase physical memory or swap space
#   Check if swap backing store is full
#   Decrease Java heap size (-Xmx/-Xms)
#   Decrease number of Java threads
#   Decrease Java thread stack sizes (-Xss)
#   Set larger code cache with -XX:ReservedCodeCacheSize=
#   JVM is running with Unscaled Compressed Oops mode in which the Java heap is
#     placed in the first 4GB address space. The Java Heap base address is the
#     maximum limit for the native heap growth. Please use -XX:HeapBaseMinAddress
#     to set the Java Heap base and to place the Java Heap above 4GB virtual address.
# This output file may be truncated or incomplete.
#
#  Out of Memory Error (virtualSpaceNode.cpp:110), pid=12152, tid=11160
#
# JRE version: Java(TM) SE Runtime Environment (17.0.7+8) (build 17.0.7+8-LTS-224)
# Java VM: Java HotSpot(TM) 64-Bit Server VM (17.0.7+8-LTS-224, mixed mode, sharing, tiered, compressed oops, compressed class ptrs, g1 gc, windows-amd64)
# No core dump will be written. Minidumps are not enabled by default on client versions of Windows
#

---------------  S U M M A R Y ------------

Command Line: -Dapplication.home=C:\Program Files\Java\jdk-17 --add-modules=ALL-DEFAULT -Xms8m -Djdk.module.main=jdk.compiler jdk.compiler/com.sun.tools.javac.Main -d C:\Users\AMIT KANSAL\bank management systems\build\classes -classpath C:\Users\AMIT KANSAL\bank management systems\build\classes;C:\Users\AMIT KANSAL\Downloads\jcalendar-tz-1.3.3-4.jar -sourcepath C:\Users\AMIT KANSAL\bank management systems\src -target 17 -encoding UTF-8 -g -processorpath C:\Users\AMIT KANSAL\Downloads\jcalendar-tz-1.3.3-4.jar;C:\Users\AMIT KANSAL\bank management systems\build\empty -s C:\Users\AMIT KANSAL\bank management systems\build\generated-sources\ap-source-output -source 17 C:\Users\AMIT KANSAL\bank management systems\src\bank\management\systems\SignupOne.java

Host: Intel(R) Core(TM) i3-6098P CPU @ 3.60GHz, 4 cores, 3G,  Windows 10 , 64 bit Build 19041 (10.0.19041.3570)
Time: Thu Jan 11 01:36:44 2024 India Standard Time elapsed time: 0.276599 seconds (0d 0h 0m 0s)

---------------  T H R E A D  ---------------

Current thread (0x000001e457a947d0):  JavaThread "main" [_thread_in_vm, id=11160, stack(0x0000002549100000,0x0000002549200000)]

Stack: [0x0000002549100000,0x0000002549200000]
Native frames: (J=compiled Java code, j=interpreted, Vv=VM code, C=native code)
V  [jvm.dll+0x676a4a]
V  [jvm.dll+0x7d74f4]
V  [jvm.dll+0x7d8c9e]
V  [jvm.dll+0x7d9303]
V  [jvm.dll+0x2452c5]
V  [jvm.dll+0x7d35fb]
V  [jvm.dll+0x61ca36]
V  [jvm.dll+0x1bfbf7]
V  [jvm.dll+0x61f390]
V  [jvm.dll+0x61d3f6]
V  [jvm.dll+0x23ae21]
V  [jvm.dll+0x1ea127]
V  [jvm.dll+0x1dfdc1]
V  [jvm.dll+0x53cf0c]
V  [jvm.dll+0x752158]
V  [jvm.dll+0x752244]
V  [jvm.dll+0x40b12f]
V  [jvm.dll+0x411149]
C  [java.dll+0x1971]

Java frames: (J=compiled Java code, j=interpreted, Vv=VM code)
j  java.lang.ClassLoader.defineClass2(Ljava/lang/ClassLoader;Ljava/lang/String;Ljava/nio/ByteBuffer;IILjava/security/ProtectionDomain;Ljava/lang/String;)Ljava/lang/Class;+0 java.base@17.0.7
j  java.lang.ClassLoader.defineClass(Ljava/lang/String;Ljava/nio/ByteBuffer;Ljava/security/ProtectionDomain;)Ljava/lang/Class;+93 java.base@17.0.7
J 473 c1 java.security.SecureClassLoader.defineClass(Ljava/lang/String;Ljava/nio/ByteBuffer;Ljava/security/CodeSource;)Ljava/lang/Class; java.base@17.0.7 (12 bytes) @ 0x000001e45f3c057c [0x000001e45f3c04c0+0x00000000000000bc]
J 451 c1 jdk.internal.loader.BuiltinClassLoader.defineClass(Ljava/lang/String;Ljdk/internal/loader/BuiltinClassLoader$LoadedModule;)Ljava/lang/Class; java.base@17.0.7 (162 bytes) @ 0x000001e45f3aedbc [0x000001e45f3ad200+0x0000000000001bbc]
J 291 c1 jdk.internal.loader.BuiltinClassLoader.loadClassOrNull(Ljava/lang/String;Z)Ljava/lang/Class; java.base@17.0.7 (143 bytes) @ 0x000001e45f371234 [0x000001e45f370c40+0x00000000000005f4]
J 449 c1 jdk.internal.loader.ClassLoaders$AppClassLoader.loadClass(Ljava/lang/String;Z)Ljava/lang/Class; java.base@17.0.7 (40 bytes) @ 0x000001e45f3ac684 [0x000001e45f3ac060+0x0000000000000624]
J 305 c1 java.lang.ClassLoader.loadClass(Ljava/lang/String;)Ljava/lang/Class; java.base@17.0.7 (7 bytes) @ 0x000001e45f3769cc [0x000001e45f3768c0+0x000000000000010c]
v  ~StubRoutines::call_stub
j  com.sun.tools.javac.comp.Attr.<init>(Lcom/sun/tools/javac/util/Context;)V+89 jdk.compiler@17.0.7
j  com.sun.tools.javac.comp.Attr.instance(Lcom/sun/tools/javac/util/Context;)Lcom/sun/tools/javac/comp/Attr;+20 jdk.compiler@17.0.7
j  com.sun.tools.javac.comp.Annotate.<init>(Lcom/sun/tools/javac/util/Context;)V+80 jdk.compiler@17.0.7
j  com.sun.tools.javac.comp.Annotate.instance(Lcom/sun/tools/javac/util/Context;)Lcom/sun/tools/javac/comp/Annotate;+20 jdk.compiler@17.0.7
j  com.sun.tools.javac.jvm.ClassReader.<init>(Lcom/sun/tools/javac/util/Context;)V+152 jdk.compiler@17.0.7
j  com.sun.tools.javac.jvm.ClassReader.instance(Lcom/sun/tools/javac/util/Context;)Lcom/sun/tools/javac/jvm/ClassReader;+20 jdk.compiler@17.0.7
j  com.sun.tools.javac.code.ClassFinder.<init>(Lcom/sun/tools/javac/util/Context;)V+46 jdk.compiler@17.0.7
j  com.sun.tools.javac.code.ClassFinder.instance(Lcom/sun/tools/javac/util/Context;)Lcom/sun/tools/javac/code/ClassFinder;+20 jdk.compiler@17.0.7
j  com.sun.tools.javac.main.JavaCompiler.<init>(Lcom/sun/tools/javac/util/Context;)V+130 jdk.compiler@17.0.7
j  com.sun.tools.javac.main.JavaCompiler.instance(Lcom/sun/tools/javac/util/Context;)Lcom/sun/tools/javac/main/JavaCompiler;+20 jdk.compiler@17.0.7
j  com.sun.tools.javac.processing.JavacProcessingEnvironment.<init>(Lcom/sun/tools/javac/util/Context;)V+125 jdk.compiler@17.0.7
j  com.sun.tools.javac.processing.JavacProcessingEnvironment.instance(Lcom/sun/tools/javac/util/Context;)Lcom/sun/tools/javac/processing/JavacProcessingEnvironment;+19 jdk.compiler@17.0.7
j  com.sun.tools.javac.api.BasicJavacTask.initPlugins(Ljava/util/Set;)V+148 jdk.compiler@17.0.7
j  com.sun.tools.javac.main.Main.compile([Ljava/lang/String;Lcom/sun/tools/javac/util/Context;)Lcom/sun/tools/javac/main/Main$Result;+475 jdk.compiler@17.0.7
j  com.sun.tools.javac.main.Main.compile([Ljava/lang/String;)Lcom/sun/tools/javac/main/Main$Result;+15 jdk.compiler@17.0.7
j  com.sun.tools.javac.Main.compile([Ljava/lang/String;)I+12 jdk.compiler@17.0.7
j  com.sun.tools.javac.Main.main([Ljava/lang/String;)V+1 jdk.compiler@17.0.7
v  ~StubRoutines::call_stub

---------------  P R O C E S S  ---------------

Threads class SMR info:
_java_thread_list=0x000001e473818ac0, length=12, elements={
0x000001e457a947d0, 0x000001e457b5e7f0, 0x000001e457b5f370, 0x000001e472cf47e0,
0x000001e472cf50a0, 0x000001e472cf5960, 0x000001e472cf7230, 0x000001e472cfb3d0,
0x000001e472d07110, 0x000001e472d07a10, 0x000001e472e017e0, 0x000001e473865610
}

Java Threads: ( => current thread )
=>0x000001e457a947d0 JavaThread "main" [_thread_in_vm, id=11160, stack(0x0000002549100000,0x0000002549200000)]
  0x000001e457b5e7f0 JavaThread "Reference Handler" daemon [_thread_blocked, id=3576, stack(0x0000002549800000,0x0000002549900000)]
  0x000001e457b5f370 JavaThread "Finalizer" daemon [_thread_blocked, id=9280, stack(0x0000002549900000,0x0000002549a00000)]
  0x000001e472cf47e0 JavaThread "Signal Dispatcher" daemon [_thread_blocked, id=3328, stack(0x0000002549a00000,0x0000002549b00000)]
  0x000001e472cf50a0 JavaThread "Attach Listener" daemon [_thread_blocked, id=12104, stack(0x0000002549b00000,0x0000002549c00000)]
  0x000001e472cf5960 JavaThread "Service Thread" daemon [_thread_blocked, id=11844, stack(0x0000002549c00000,0x0000002549d00000)]
  0x000001e472cf7230 JavaThread "Monitor Deflation Thread" daemon [_thread_blocked, id=16136, stack(0x0000002549d00000,0x0000002549e00000)]
  0x000001e472cfb3d0 JavaThread "C2 CompilerThread0" daemon [_thread_blocked, id=17296, stack(0x0000002549e00000,0x0000002549f00000)]
  0x000001e472d07110 JavaThread "C1 CompilerThread0" daemon [_thread_blocked, id=11764, stack(0x0000002549f00000,0x000000254a000000)]
  0x000001e472d07a10 JavaThread "Sweeper thread" daemon [_thread_blocked, id=5480, stack(0x000000254a000000,0x000000254a100000)]
  0x000001e472e017e0 JavaThread "Common-Cleaner" daemon [_thread_blocked, id=20404, stack(0x000000254a100000,0x000000254a200000)]
  0x000001e473865610 JavaThread "Notification Thread" daemon [_thread_blocked, id=5844, stack(0x000000254a200000,0x000000254a300000)]

Other Threads:
  0x000001e457b57dd0 VMThread "VM Thread" [stack: 0x0000002549700000,0x0000002549800000] [id=2704]
  0x000001e457ae76f0 WatcherThread [stack: 0x000000254a300000,0x000000254a400000] [id=11932]
  0x000001e457acc940 GCTaskThread "GC Thread#0" [stack: 0x0000002549200000,0x0000002549300000] [id=4816]
  0x000001e473a257a0 GCTaskThread "GC Thread#1" [stack: 0x000000254a400000,0x000000254a500000] [id=2528]
  0x000001e473a6bd00 GCTaskThread "GC Thread#2" [stack: 0x000000254a500000,0x000000254a600000] [id=18664]
  0x000001e473a6bfb0 GCTaskThread "GC Thread#3" [stack: 0x000000254a600000,0x000000254a700000] [id=11492]
  0x000001e457ad5590 ConcurrentGCThread "G1 Main Marker" [stack: 0x0000002549300000,0x0000002549400000] [id=18656]
  0x000001e457ad7560 ConcurrentGCThread "G1 Conc#0" [stack: 0x0000002549400000,0x0000002549500000] [id=13856]
  0x000001e457af32f0 ConcurrentGCThread "G1 Refine#0" [stack: 0x0000002549500000,0x0000002549600000] [id=7100]
  0x000001e457af3b20 ConcurrentGCThread "G1 Service" [stack: 0x0000002549600000,0x0000002549700000] [id=13584]

Threads with active compile tasks:

VM state: not at safepoint (normal execution)

VM Mutex/Monitor currently owned by a thread:  ([mutex/lock_event])
[0x000001e457a8e8f0] Metaspace_lock - owner thread: 0x000001e457a947d0

Heap address: 0x00000000c0800000, size: 1016 MB, Compressed Oops mode: 32-bit

CDS archive(s) mapped at: [0x0000000800000000-0x0000000800bd0000-0x0000000800bd0000), size 12386304, SharedBaseAddress: 0x0000000800000000, ArchiveRelocationMode: 0.
Compressed class space mapped at: 0x0000000800c00000-0x0000000840c00000, reserved size: 1073741824
Narrow klass base: 0x0000000800000000, Narrow klass shift: 0, Narrow klass range: 0x100000000

GC Precious Log:
 CPUs: 4 total, 4 available
 Memory: 4059M
 Large Page Support: Disabled
 NUMA Support: Disabled
 Compressed Oops: Enabled (32-bit)
 Heap Region Size: 1M
 Heap Min Capacity: 8M
 Heap Initial Capacity: 8M
 Heap Max Capacity: 1016M
 Pre-touch: Disabled
 Parallel Workers: 4
 Concurrent Workers: 1
 Concurrent Refinement Workers: 4
 Periodic GC: Disabled

Heap:
 garbage-first heap   total 8192K, used 1216K [0x00000000c0800000, 0x0000000100000000)
  region size 1024K, 2 young (2048K), 1 survivors (1024K)
 Metaspace       used 3902K, committed 4032K, reserved 1056768K
  class space    used 477K, committed 576K, reserved 1048576K

Heap Regions: E=young(eden), S=young(survivor), O=old, HS=humongous(starts), HC=humongous(continues), CS=collection set, F=free, OA=open archive, CA=closed archive, TAMS=top-at-mark-start (previous, next)
|   0|0x00000000c0800000, 0x00000000c0830000, 0x00000000c0900000| 18%| O|  |TAMS 0x00000000c0800000, 0x00000000c0800000| Untracked 
|   1|0x00000000c0900000, 0x00000000c0900000, 0x00000000c0a00000|  0%| F|  |TAMS 0x00000000c0900000, 0x00000000c0900000| Untracked 
|   2|0x00000000c0a00000, 0x00000000c0a00000, 0x00000000c0b00000|  0%| F|  |TAMS 0x00000000c0a00000, 0x00000000c0a00000| Untracked 
|   3|0x00000000c0b00000, 0x00000000c0b00000, 0x00000000c0c00000|  0%| F|  |TAMS 0x00000000c0b00000, 0x00000000c0b00000| Untracked 
|   4|0x00000000c0c00000, 0x00000000c0d00000, 0x00000000c0d00000|100%| S|CS|TAMS 0x00000000c0c00000, 0x00000000c0c00000| Complete 
|   5|0x00000000c0d00000, 0x00000000c0d00000, 0x00000000c0e00000|  0%| F|  |TAMS 0x00000000c0d00000, 0x00000000c0d00000| Untracked 
|   6|0x00000000c0e00000, 0x00000000c0e00000, 0x00000000c0f00000|  0%| F|  |TAMS 0x00000000c0e00000, 0x00000000c0e00000| Untracked 
|   7|0x00000000c0f00000, 0x00000000c0f7b280, 0x00000000c1000000| 48%| E|  |TAMS 0x00000000c0f00000, 0x00000000c0f00000| Complete 

Card table byte_map: [0x000001e46e520000,0x000001e46e720000] _byte_map_base: 0x000001e46df1c000

Marking Bits (Prev, Next): (CMBitMap*) 0x000001e457accd60, (CMBitMap*) 0x000001e457accda0
 Prev Bits: [0x000001e46e920000, 0x000001e46f900000)
 Next Bits: [0x000001e46f900000, 0x000001e4708e0000)

Polling page: 0x000001e455a40000

Metaspace:

Usage:
  Non-class:      3.34 MB used.
      Class:    477.05 KB used.
       Both:      3.81 MB used.

Virtual space:
  Non-class space:        8.00 MB reserved,       3.38 MB ( 42%) committed,  1 nodes.
      Class space:        1.00 GB reserved,     576.00 KB ( <1%) committed,  1 nodes.
             Both:        1.01 GB reserved,       3.94 MB ( <1%) committed. 

Chunk freelists:
   Non-Class:  1.67 MB
       Class:  3.36 MB
        Both:  5.03 MB

MaxMetaspaceSize: unlimited
CompressedClassSpaceSize: 1.00 GB
Initial GC threshold: 21.00 MB
Current GC threshold: 21.00 MB
CDS: on
MetaspaceReclaimPolicy: balanced
 - commit_granule_bytes: 65536.
 - commit_granule_words: 8192.
 - virtual_space_node_default_size: 1048576.
 - enlarge_chunks_in_place: 1.
 - new_chunks_are_fully_committed: 0.
 - uncommit_free_chunks: 1.
 - use_allocation_guard: 0.
 - handle_deallocations: 1.


Internal statistics:

num_allocs_failed_limit: 0.
num_arena_births: 40.
num_arena_deaths: 0.
num_vsnodes_births: 2.
num_vsnodes_deaths: 0.
num_space_committed: 63.
num_space_uncommitted: 0.
num_chunks_returned_to_freelist: 0.
num_chunks_taken_from_freelist: 168.
num_chunk_merges: 0.
num_chunk_splits: 112.
num_chunks_enlarged: 77.
num_purges: 0.
num_inconsistent_stats: 0.

CodeHeap 'non-profiled nmethods': size=120000Kb used=158Kb max_used=158Kb free=119841Kb
 bounds [0x000001e466df0000, 0x000001e467060000, 0x000001e46e320000]
CodeHeap 'profiled nmethods': size=120000Kb used=646Kb max_used=646Kb free=119353Kb
 bounds [0x000001e45f320000, 0x000001e45f590000, 0x000001e466850000]
CodeHeap 'non-nmethods': size=5760Kb used=1115Kb max_used=1131Kb free=4644Kb
 bounds [0x000001e466850000, 0x000001e466ac0000, 0x000001e466df0000]
 total_blobs=871 nmethods=476 adapters=308
 compilation: enabled
              stopped_count=0, restarted_count=0
 full_count=0

Compilation events (20 events):
Event: 0.250 Thread 0x000001e472d07110 nmethod 465 0x000001e45f3bba90 code [0x000001e45f3bbc20, 0x000001e45f3bbe18]
Event: 0.250 Thread 0x000001e472d07110  466       3       java.security.SecureClassLoader::getProtectionDomain (38 bytes)
Event: 0.250 Thread 0x000001e472d07110 nmethod 466 0x000001e45f3bbf10 code [0x000001e45f3bc100, 0x000001e45f3bc788]
Event: 0.251 Thread 0x000001e472d07110  469       3       java.lang.StringLatin1::inflate (34 bytes)
Event: 0.252 Thread 0x000001e472d07110 nmethod 469 0x000001e45f3bc990 code [0x000001e45f3bcb40, 0x000001e45f3bcd58]
Event: 0.253 Thread 0x000001e472d07110  470       3       java.lang.invoke.MemberName::checkForTypeAlias (172 bytes)
Event: 0.255 Thread 0x000001e472d07110 nmethod 470 0x000001e45f3bcf10 code [0x000001e45f3bd380, 0x000001e45f3bf218]
Event: 0.255 Thread 0x000001e472d07110  471       1       java.lang.invoke.DirectMethodHandle::internalMemberName (5 bytes)
Event: 0.255 Thread 0x000001e472d07110 nmethod 471 0x000001e466e15a10 code [0x000001e466e15ba0, 0x000001e466e15c78]
Event: 0.257 Thread 0x000001e472d07110  472       3       java.security.CodeSource::<init> (52 bytes)
Event: 0.258 Thread 0x000001e472d07110 nmethod 472 0x000001e45f3bfa90 code [0x000001e45f3bfc60, 0x000001e45f3c01f8]
Event: 0.258 Thread 0x000001e472d07110  473       3       java.security.SecureClassLoader::defineClass (12 bytes)
Event: 0.258 Thread 0x000001e472d07110 nmethod 473 0x000001e45f3c0310 code [0x000001e45f3c04c0, 0x000001e45f3c0658]
Event: 0.260 Thread 0x000001e472cfb3d0 nmethod 468 0x000001e466e15d10 code [0x000001e466e15ec0, 0x000001e466e164a8]
Event: 0.260 Thread 0x000001e472d07110  474       3       jdk.internal.jimage.ImageLocation::decompress (116 bytes)
Event: 0.261 Thread 0x000001e472d07110 nmethod 474 0x000001e45f3c0710 code [0x000001e45f3c09a0, 0x000001e45f3c14c8]
Event: 0.266 Thread 0x000001e472cfb3d0  475       4       java.lang.StringBuilder::append (8 bytes)
Event: 0.272 Thread 0x000001e472cfb3d0 nmethod 475 0x000001e466e16810 code [0x000001e466e169c0, 0x000001e466e170a8]
Event: 0.272 Thread 0x000001e472cfb3d0  476       4       java.lang.AbstractStringBuilder::putStringAt (34 bytes)
Event: 0.274 Thread 0x000001e472cfb3d0 nmethod 476 0x000001e466e17510 code [0x000001e466e176a0, 0x000001e466e17878]

GC Heap History (2 events):
Event: 0.246 GC heap before
{Heap before GC invocations=0 (full 0):
 garbage-first heap   total 8192K, used 3072K [0x00000000c0800000, 0x0000000100000000)
  region size 1024K, 3 young (3072K), 0 survivors (0K)
 Metaspace       used 3215K, committed 3392K, reserved 1056768K
  class space    used 404K, committed 512K, reserved 1048576K
}
Event: 0.249 GC heap after
{Heap after GC invocations=1 (full 0):
 garbage-first heap   total 8192K, used 1216K [0x00000000c0800000, 0x0000000100000000)
  region size 1024K, 1 young (1024K), 1 survivors (1024K)
 Metaspace       used 3215K, committed 3392K, reserved 1056768K
  class space    used 404K, committed 512K, reserved 1048576K
}

Deoptimization events (20 events):
Event: 0.109 Thread 0x000001e457a947d0 Uncommon trap: trap_request=0xffffffde fr.pc=0x000001e466dfc96c relative=0x000000000000080c
Event: 0.109 Thread 0x000001e457a947d0 Uncommon trap: reason=class_check action=maybe_recompile pc=0x000001e466dfc96c method=java.util.HashMap.putVal(ILjava/lang/Object;Ljava/lang/Object;ZZ)Ljava/lang/Object; @ 152 c2
Event: 0.109 Thread 0x000001e457a947d0 DEOPT PACKING pc=0x000001e466dfc96c sp=0x00000025491fd6f0
Event: 0.109 Thread 0x000001e457a947d0 DEOPT UNPACKING pc=0x000001e4668a23a3 sp=0x00000025491fd670 mode 2
Event: 0.109 Thread 0x000001e457a947d0 Uncommon trap: trap_request=0xffffffde fr.pc=0x000001e466dfc96c relative=0x000000000000080c
Event: 0.109 Thread 0x000001e457a947d0 Uncommon trap: reason=class_check action=maybe_recompile pc=0x000001e466dfc96c method=java.util.HashMap.putVal(ILjava/lang/Object;Ljava/lang/Object;ZZ)Ljava/lang/Object; @ 152 c2
Event: 0.109 Thread 0x000001e457a947d0 DEOPT PACKING pc=0x000001e466dfc96c sp=0x00000025491fd6f0
Event: 0.109 Thread 0x000001e457a947d0 DEOPT UNPACKING pc=0x000001e4668a23a3 sp=0x00000025491fd670 mode 2
Event: 0.165 Thread 0x000001e457a947d0 Uncommon trap: trap_request=0xffffffde fr.pc=0x000001e466e016c0 relative=0x00000000000004e0
Event: 0.165 Thread 0x000001e457a947d0 Uncommon trap: reason=class_check action=maybe_recompile pc=0x000001e466e016c0 method=java.util.HashMap.putVal(ILjava/lang/Object;Ljava/lang/Object;ZZ)Ljava/lang/Object; @ 253 c2
Event: 0.165 Thread 0x000001e457a947d0 DEOPT PACKING pc=0x000001e466e016c0 sp=0x00000025491feac0
Event: 0.165 Thread 0x000001e457a947d0 DEOPT UNPACKING pc=0x000001e4668a23a3 sp=0x00000025491fea70 mode 2
Event: 0.165 Thread 0x000001e457a947d0 Uncommon trap: trap_request=0xffffff45 fr.pc=0x000001e466e01b00 relative=0x0000000000000920
Event: 0.165 Thread 0x000001e457a947d0 Uncommon trap: reason=unstable_if action=reinterpret pc=0x000001e466e01b00 method=java.util.HashMap.putVal(ILjava/lang/Object;Ljava/lang/Object;ZZ)Ljava/lang/Object; @ 181 c2
Event: 0.165 Thread 0x000001e457a947d0 DEOPT PACKING pc=0x000001e466e01b00 sp=0x00000025491feac0
Event: 0.165 Thread 0x000001e457a947d0 DEOPT UNPACKING pc=0x000001e4668a23a3 sp=0x00000025491fea70 mode 2
Event: 0.221 Thread 0x000001e457a947d0 DEOPT PACKING pc=0x000001e45f34bde7 sp=0x00000025491f9180
Event: 0.221 Thread 0x000001e457a947d0 DEOPT UNPACKING pc=0x000001e4668a2b43 sp=0x00000025491f85a0 mode 0
Event: 0.233 Thread 0x000001e457a947d0 DEOPT PACKING pc=0x000001e45f3462d1 sp=0x00000025491f90c0
Event: 0.233 Thread 0x000001e457a947d0 DEOPT UNPACKING pc=0x000001e4668a2b43 sp=0x00000025491f8538 mode 0

Classes unloaded (0 events):
No events

Classes redefined (0 events):
No events

Internal exceptions (9 events):
Event: 0.152 Thread 0x000001e457a947d0 Exception <a 'java/lang/NoSuchMethodError'{0x00000000c0ee4120}: 'void java.lang.invoke.DirectMethodHandle$Holder.invokeSpecial(java.lang.Object, java.lang.Object, java.lang.Object)'> (0x00000000c0ee4120) 
thrown [s\open\src\hotspot\share\interpreter\linkResolver.cpp, line 759]
Event: 0.188 Thread 0x000001e457a947d0 Exception <a 'java/lang/NoSuchMethodError'{0x00000000c0d40650}: 'java.lang.Object java.lang.invoke.DirectMethodHandle$Holder.invokeVirtual(java.lang.Object, java.lang.Object, java.lang.Object)'> (0x00000000c0d40650) 
thrown [s\open\src\hotspot\share\interpreter\linkResolver.cpp, line 759]
Event: 0.190 Thread 0x000001e457a947d0 Exception <a 'java/lang/NoSuchMethodError'{0x00000000c0d4b140}: 'int java.lang.invoke.DirectMethodHandle$Holder.invokeInterface(java.lang.Object, java.lang.Object)'> (0x00000000c0d4b140) 
thrown [s\open\src\hotspot\share\interpreter\linkResolver.cpp, line 759]
Event: 0.205 Thread 0x000001e457a947d0 Exception <a 'sun/nio/fs/WindowsException'{0x00000000c0d741d8}> (0x00000000c0d741d8) 
thrown [s\open\src\hotspot\share\prims\jni.cpp, line 516]
Event: 0.206 Thread 0x000001e457a947d0 Exception <a 'sun/nio/fs/WindowsException'{0x00000000c0d748f0}> (0x00000000c0d748f0) 
thrown [s\open\src\hotspot\share\prims\jni.cpp, line 516]
Event: 0.206 Thread 0x000001e457a947d0 Exception <a 'sun/nio/fs/WindowsException'{0x00000000c0d75478}> (0x00000000c0d75478) 
thrown [s\open\src\hotspot\share\prims\jni.cpp, line 516]
Event: 0.206 Thread 0x000001e457a947d0 Exception <a 'sun/nio/fs/WindowsException'{0x00000000c0d75748}> (0x00000000c0d75748) 
thrown [s\open\src\hotspot\share\prims\jni.cpp, line 516]
Event: 0.207 Thread 0x000001e457a947d0 Exception <a 'java/lang/NoSuchMethodError'{0x00000000c0d7a6f0}: 'int java.lang.invoke.DirectMethodHandle$Holder.invokeVirtual(java.lang.Object, java.lang.Object, java.lang.Object)'> (0x00000000c0d7a6f0) 
thrown [s\open\src\hotspot\share\interpreter\linkResolver.cpp, line 759]
Event: 0.208 Thread 0x000001e457a947d0 Exception <a 'java/lang/NoSuchMethodError'{0x00000000c0d80fb0}: 'void java.lang.invoke.DirectMethodHandle$Holder.invokeInterface(java.lang.Object, java.lang.Object, java.lang.Object)'> (0x00000000c0d80fb0) 
thrown [s\open\src\hotspot\share\interpreter\linkResolver.cpp, line 759]

VM Operations (10 events):
Event: 0.061 Executing VM operation: HandshakeAllThreads
Event: 0.061 Executing VM operation: HandshakeAllThreads done
Event: 0.155 Executing VM operation: HandshakeAllThreads
Event: 0.155 Executing VM operation: HandshakeAllThreads done
Event: 0.187 Executing VM operation: HandshakeAllThreads
Event: 0.187 Executing VM operation: HandshakeAllThreads done
Event: 0.194 Executing VM operation: HandshakeAllThreads
Event: 0.194 Executing VM operation: HandshakeAllThreads done
Event: 0.246 Executing VM operation: G1CollectForAllocation
Event: 0.249 Executing VM operation: G1CollectForAllocation done

Events (20 events):
Event: 0.202 loading class sun/nio/ch/Util$1
Event: 0.202 loading class sun/nio/ch/Util$1 done
Event: 0.202 loading class sun/nio/ch/Util$BufferCache
Event: 0.202 loading class sun/nio/ch/Util$BufferCache done
Event: 0.202 loading class java/nio/DirectByteBuffer$Deallocator
Event: 0.202 loading class java/nio/DirectByteBuffer$Deallocator done
Event: 0.202 loading class sun/nio/ch/IOStatus
Event: 0.202 loading class sun/nio/ch/IOStatus done
Event: 0.203 loading class sun/security/util/ManifestEntryVerifier
Event: 0.203 loading class sun/security/util/ManifestEntryVerifier done
Event: 0.205 loading class sun/nio/fs/WindowsException
Event: 0.205 loading class sun/nio/fs/WindowsException done
Event: 0.205 loading class sun/nio/fs/WindowsDirectoryStream
Event: 0.205 loading class sun/nio/fs/WindowsDirectoryStream done
Event: 0.219 loading class java/io/StringWriter
Event: 0.219 loading class java/io/StringWriter done
Event: 0.256 loading class java/nio/file/ClosedFileSystemException
Event: 0.257 loading class java/nio/file/ClosedFileSystemException done
Event: 0.257 loading class java/lang/ArrayIndexOutOfBoundsException
Event: 0.257 loading class java/lang/ArrayIndexOutOfBoundsException done


Dynamic libraries:
0x00007ff76b1f0000 - 0x00007ff76b1f8000 	C:\Program Files\Java\jdk-17\bin\javac.exe
0x00007ffddfc70000 - 0x00007ffddfe67000 	C:\WINDOWS\SYSTEM32\ntdll.dll
0x00007ffddf300000 - 0x00007ffddf3bd000 	C:\WINDOWS\System32\KERNEL32.DLL
0x00007ffddd820000 - 0x00007ffdddb16000 	C:\WINDOWS\System32\KERNELBASE.dll
0x00007ffddd720000 - 0x00007ffddd820000 	C:\WINDOWS\System32\ucrtbase.dll
0x00007ffdd6bf0000 - 0x00007ffdd6c09000 	C:\Program Files\Java\jdk-17\bin\jli.dll
0x00007ffdd6ae0000 - 0x00007ffdd6afb000 	C:\Program Files\Java\jdk-17\bin\VCRUNTIME140.dll
0x00007ffdddf80000 - 0x00007ffdde02e000 	C:\WINDOWS\System32\ADVAPI32.dll
0x00007ffddef60000 - 0x00007ffddeffe000 	C:\WINDOWS\System32\msvcrt.dll
0x00007ffddf260000 - 0x00007ffddf2fc000 	C:\WINDOWS\System32\sechost.dll
0x00007ffdddd50000 - 0x00007ffddde76000 	C:\WINDOWS\System32\RPCRT4.dll
0x00007ffddf450000 - 0x00007ffddf5ee000 	C:\WINDOWS\System32\USER32.dll
0x00007ffddd6f0000 - 0x00007ffddd712000 	C:\WINDOWS\System32\win32u.dll
0x00007ffddf420000 - 0x00007ffddf44c000 	C:\WINDOWS\System32\GDI32.dll
0x00007ffddd450000 - 0x00007ffddd56a000 	C:\WINDOWS\System32\gdi32full.dll
0x00007ffdc5680000 - 0x00007ffdc591a000 	C:\WINDOWS\WinSxS\amd64_microsoft.windows.common-controls_6595b64144ccf1df_6.0.19041.3570_none_60bb2a3971f3e41a\COMCTL32.dll
0x00007ffddd650000 - 0x00007ffddd6ed000 	C:\WINDOWS\System32\msvcp_win.dll
0x00007ffdd6dd0000 - 0x00007ffdd6dda000 	C:\WINDOWS\SYSTEM32\VERSION.dll
0x00007ffdde7d0000 - 0x00007ffdde800000 	C:\WINDOWS\System32\IMM32.DLL
0x00007ffdda960000 - 0x00007ffdda96c000 	C:\Program Files\Java\jdk-17\bin\vcruntime140_1.dll
0x00007ffdc8c00000 - 0x00007ffdc8c8e000 	C:\Program Files\Java\jdk-17\bin\msvcp140.dll
0x00007ffdac810000 - 0x00007ffdad3ed000 	C:\Program Files\Java\jdk-17\bin\server\jvm.dll
0x00007ffddef50000 - 0x00007ffddef58000 	C:\WINDOWS\System32\PSAPI.DLL
0x00007ffdda9f0000 - 0x00007ffdda9f9000 	C:\WINDOWS\SYSTEM32\WSOCK32.dll
0x00007ffdde4a0000 - 0x00007ffdde50b000 	C:\WINDOWS\System32\WS2_32.dll
0x00007ffdcae00000 - 0x00007ffdcae27000 	C:\WINDOWS\SYSTEM32\WINMM.dll
0x00007ffddb130000 - 0x00007ffddb142000 	C:\WINDOWS\SYSTEM32\kernel.appcore.dll
0x00007ffdd8a40000 - 0x00007ffdd8a4a000 	C:\Program Files\Java\jdk-17\bin\jimage.dll
0x00007ffdd4b20000 - 0x00007ffdd4d04000 	C:\WINDOWS\SYSTEM32\DBGHELP.DLL
0x00007ffdd3e80000 - 0x00007ffdd3eb4000 	C:\WINDOWS\SYSTEM32\dbgcore.DLL
0x00007ffddd3c0000 - 0x00007ffddd442000 	C:\WINDOWS\System32\bcryptPrimitives.dll
0x00007ffdd5ef0000 - 0x00007ffdd5f15000 	C:\Program Files\Java\jdk-17\bin\java.dll
0x00007ffdc75b0000 - 0x00007ffdc7687000 	C:\Program Files\Java\jdk-17\bin\jsvml.dll
0x00007ffdde800000 - 0x00007ffddef44000 	C:\WINDOWS\System32\SHELL32.dll
0x00007ffddb410000 - 0x00007ffddbbab000 	C:\WINDOWS\SYSTEM32\windows.storage.dll
0x00007ffdde0e0000 - 0x00007ffdde434000 	C:\WINDOWS\System32\combase.dll
0x00007ffddccc0000 - 0x00007ffddcced000 	C:\WINDOWS\SYSTEM32\Wldp.dll
0x00007ffdde030000 - 0x00007ffdde0dd000 	C:\WINDOWS\System32\SHCORE.dll
0x00007ffddde80000 - 0x00007ffddded5000 	C:\WINDOWS\System32\shlwapi.dll
0x00007ffddd280000 - 0x00007ffddd2a5000 	C:\WINDOWS\SYSTEM32\profapi.dll
0x00007ffdd60a0000 - 0x00007ffdd60b9000 	C:\Program Files\Java\jdk-17\bin\net.dll
0x00007ffdd5950000 - 0x00007ffdd5a5a000 	C:\WINDOWS\SYSTEM32\WINHTTP.dll
0x00007ffddca20000 - 0x00007ffddca8a000 	C:\WINDOWS\system32\mswsock.dll
0x00007ffdd6000000 - 0x00007ffdd6016000 	C:\Program Files\Java\jdk-17\bin\nio.dll
0x00007ffdd30d0000 - 0x00007ffdd30e8000 	C:\Program Files\Java\jdk-17\bin\zip.dll

dbghelp: loaded successfully - version: 4.0.5 - missing functions: none
symbol engine: initialized successfully - sym options: 0x614 - pdb path: .;C:\Program Files\Java\jdk-17\bin;C:\WINDOWS\SYSTEM32;C:\WINDOWS\WinSxS\amd64_microsoft.windows.common-controls_6595b64144ccf1df_6.0.19041.3570_none_60bb2a3971f3e41a;C:\Program Files\Java\jdk-17\bin\server

VM Arguments:
jvm_args: -Dapplication.home=C:\Program Files\Java\jdk-17 --add-modules=ALL-DEFAULT -Xms8m -Djdk.module.main=jdk.compiler 
java_command: jdk.compiler/com.sun.tools.javac.Main -d C:\Users\AMIT KANSAL\bank management systems\build\classes -classpath C:\Users\AMIT KANSAL\bank management systems\build\classes;C:\Users\AMIT KANSAL\Downloads\jcalendar-tz-1.3.3-4.jar -sourcepath C:\Users\AMIT KANSAL\bank management systems\src -target 17 -encoding UTF-8 -g -processorpath C:\Users\AMIT KANSAL\Downloads\jcalendar-tz-1.3.3-4.jar;C:\Users\AMIT KANSAL\bank management systems\build\empty -s C:\Users\AMIT KANSAL\bank management systems\build\generated-sources\ap-source-output -source 17 C:\Users\AMIT KANSAL\bank management systems\src\bank\management\systems\SignupOne.java
java_class_path (initial): <not set>
Launcher Type: SUN_STANDARD

[Global flags]
     intx CICompilerCount                          = 3                                         {product} {ergonomic}
     uint ConcGCThreads                            = 1                                         {product} {ergonomic}
     uint G1ConcRefinementThreads                  = 4                                         {product} {ergonomic}
   size_t G1HeapRegionSize                         = 1048576                                   {product} {ergonomic}
    uintx GCDrainStackTargetSize                   = 64                                        {product} {ergonomic}
   size_t InitialHeapSize                          = 8388608                                   {product} {command line}
   size_t MarkStackSize                            = 4194304                                   {product} {ergonomic}
   size_t MaxHeapSize                              = 1065353216                                {product} {ergonomic}
   size_t MaxNewSize                               = 638582784                                 {product} {ergonomic}
   size_t MinHeapDeltaBytes                        = 1048576                                   {product} {ergonomic}
   size_t MinHeapSize                              = 8388608                                   {product} {command line}
    uintx NonNMethodCodeHeapSize                   = 5832780                                {pd product} {ergonomic}
    uintx NonProfiledCodeHeapSize                  = 122912730                              {pd product} {ergonomic}
    uintx ProfiledCodeHeapSize                     = 122912730                              {pd product} {ergonomic}
    uintx ReservedCodeCacheSize                    = 251658240                              {pd product} {ergonomic}
     bool SegmentedCodeCache                       = true                                      {product} {ergonomic}
   size_t SoftMaxHeapSize                          = 1065353216                             {manageable} {ergonomic}
     bool UseCompressedClassPointers               = true                           {product lp64_product} {ergonomic}
     bool UseCompressedOops                        = true                           {product lp64_product} {ergonomic}
     bool UseG1GC                                  = true                                      {product} {ergonomic}
     bool UseLargePagesIndividualAllocation        = false                                  {pd product} {ergonomic}

Logging:
Log output configuration:
 #0: stdout all=warning uptime,level,tags
 #1: stderr all=off uptime,level,tags

Environment Variables:
PATH=C:\Program Files\Common Files\Oracle\Java\javapath;C:\WINDOWS\system32;C:\WINDOWS;C:\WINDOWS\System32\Wbem;C:\WINDOWS\System32\WindowsPowerShell\v1.0\;C:\Program Files (x86)\NVIDIA Corporation\PhysX\Common;C:\WINDOWS\system32;C:\WINDOWS;C:\WINDOWS\System32\Wbem;C:\WINDOWS\System32\WindowsPowerShell\v1.0\;C:\WINDOWS\System32\OpenSSH\;C:\msys64\mingw64\bin;C:\MinGW\bin;C:\Program Files\Git\cmd;C:\Program Files\Git\mingw64\bin;C:\Program Files\Git\usr\bin;C:\Program Files\Java\jdk-17\bin;C:\Program Files\MySQL\MySQL Shell 8.0\bin\;C:\Users\AMIT KANSAL\AppData\Local\Microsoft\WindowsApps;C:\Users\AMIT KANSAL\AppData\Local\Programs\Microsoft VS Code\bin
USERNAME=AMIT KANSAL
OS=Windows_NT
PROCESSOR_IDENTIFIER=Intel64 Family 6 Model 94 Stepping 3, GenuineIntel



---------------  S Y S T E M  ---------------

OS:
 Windows 10 , 64 bit Build 19041 (10.0.19041.3570)
OS uptime: 0 days 7:28 hours

CPU: total 4 (initial active 4) (2 cores per cpu, 2 threads per core) family 6 model 94 stepping 3 microcode 0xcc, cx8, cmov, fxsr, ht, mmx, 3dnowpref, sse, sse2, sse3, ssse3, sse4.1, sse4.2, popcnt, lzcnt, tsc, tscinvbit, avx, avx2, aes, erms, clmul, bmi1, bmi2, adx, fma, vzeroupper, clflush, clflushopt

Memory: 4k page, system-wide physical 4059M (350M free)
TotalPageFile size 16347M (AvailPageFile size 5M)
current process WorkingSet (physical memory assigned to process): 44M, peak: 44M
current process commit charge ("private bytes"): 82M, peak: 82M

vm_info: Java HotSpot(TM) 64-Bit Server VM (17.0.7+8-LTS-224) for windows-amd64 JRE (17.0.7+8-LTS-224), built on Feb 28 2023 23:03:02 by "mach5one" with MS VC++ 17.1 (VS2022)

END.
